p/171.jpg 1 0 0 0 0
p/169.jpg 1 0 0 0 0
p/168.jpg 1 0 0 0 0
p/167.jpg 1 0 0 0 0
p/128.jpg 1 0 0 0 0
p/127.jpg 1 0 0 0 0
p/126.jpg 1 0 0 0 0
p/125.jpg 1 0 0 0 0
p/124.jpg 1 0 0 0 0
p/123.jpg 1 0 0 0 0
p/122.jpg 1 0 0 0 0
p/121.jpg 1 0 0 0 0
p/120.jpg 1 0 0 0 0
p/119.jpg 1 0 0 0 0
p/118.jpg 1 0 0 0 0
p/117.jpg 1 0 0 0 0
p/116.jpg 1 0 0 0 0
p/115.jpg 1 0 0 0 0
p/114.jpg 1 0 0 0 0
p/113.jpg 1 0 0 0 0
p/112.jpg 1 0 0 0 0
p/111.jpg 1 0 0 0 0
p/110.jpg 1 0 0 0 0
p/109.jpg 1 0 0 0 0
p/108.jpg 1 0 0 0 0
p/107.jpg 1 0 0 0 0
p/106.jpg 1 0 0 0 0
p/105.jpg 1 0 0 0 0
p/104.jpg 1 0 0 0 0
p/103.jpg 1 0 0 0 0
p/102.jpg 1 0 0 0 0
p/101.jpg 1 0 0 0 0
p/100.jpg 1 0 0 0 0
p/99.jpg 1 0 0 0 0
p/98.jpg 1 0 0 0 0
p/97.jpg 1 0 0 0 0
p/95.jpg 1 0 0 0 0
p/94.jpg 1 0 0 0 0
p/93.jpg 1 0 0 0 0
p/92.jpg 1 0 0 0 0
p/91.jpg 1 0 0 0 0
p/90.jpg 1 0 0 0 0
p/75.jpg 1 0 0 0 0
p/73.jpg 1 0 0 0 0
p/70.jpg 1 0 0 0 0
p/64.jpg 1 0 0 0 0
p/62.jpg 1 0 0 0 0
p/55.jpg 1 0 0 0 0
p/52.jpg 1 0 0 0 0
p/51.jpg 1 0 0 0 0
p/50.jpg 1 0 0 0 0
p/48.jpg 1 0 0 0 0
p/46.jpg 1 0 0 0 0
p/43.jpg 1 0 0 0 0
p/41.jpg 1 0 0 0 0
p/39.jpg 1 0 0 0 0
p/37.jpg 1 0 0 0 0
p/35.jpg 1 0 0 0 0
p/34.jpg 1 0 0 0 0
p/32.jpg 1 0 0 0 0
p/29.jpg 1 0 0 0 0
p/28.jpg 1 0 0 0 0
p/25.jpg 1 0 0 0 0
p/23.jpg 1 0 0 0 0
p/21.jpg 1 0 0 0 0
p/18.jpg 1 0 0 0 0
p/15.jpg 1 0 0 0 0
p/12.jpg 1 0 0 0 0
p/10.jpg 1 0 0 0 0
p/9.jpg 1 0 0 0 0
p/7.jpg 1 0 0 0 0
p/6.jpg 1 0 0 0 0
p/5.jpg 1 0 0 0 0
p/4.jpg 1 0 0 0 0
p/3.jpg 1 0 0 0 0
p/2.jpg 1 0 0 0 0
p/1.jpg 1 0 0 0 0
p/0.jpg 1 0 0 0 0